<?xml version="1.0" encoding="UTF-8"?>
<testng-results skipped="0" failed="0" total="1" passed="1">
  <reporter-output>
  </reporter-output>
  <suite name="HomePageTest" duration-ms="20070" started-at="2016-09-02T04:04:49Z" finished-at="2016-09-02T04:05:09Z">
    <groups>
      <group name="SELENIUM">
        <method signature="HomePageTest.addToCartFromProductPage()[pri:0, instance:HomePageTest@7e0ea639]" name="addToCartFromProductPage" class="HomePageTest"/>
      </group> <!-- SELENIUM -->
    </groups>
    <test name="Command line test" duration-ms="20070" started-at="2016-09-02T04:04:49Z" finished-at="2016-09-02T04:05:09Z">
      <class name="HomePageTest">
        <test-method status="PASS" signature="setup()[pri:0, instance:HomePageTest@7e0ea639]" test-instance-name="" name="setup" is-config="true" duration-ms="7" started-at="2016-09-01T21:04:49Z" finished-at="2016-09-01T21:04:49Z">
          <reporter-output>
          </reporter-output>
        </test-method> <!-- setup -->
        <test-method status="PASS" signature="addToCartFromProductPage()[pri:0, instance:HomePageTest@7e0ea639]" test-instance-name="" name="addToCartFromProductPage" duration-ms="20054" started-at="2016-09-01T21:04:49Z" finished-at="2016-09-01T21:05:09Z">
          <reporter-output>
          </reporter-output>
        </test-method> <!-- addToCartFromProductPage -->
        <test-method status="PASS" signature="tearDown()[pri:0, instance:HomePageTest@7e0ea639]" test-instance-name="" name="tearDown" is-config="true" duration-ms="0" started-at="2016-09-01T21:05:09Z" finished-at="2016-09-01T21:05:09Z">
          <reporter-output>
          </reporter-output>
        </test-method> <!-- tearDown -->
      </class> <!-- HomePageTest -->
    </test> <!-- Command line test -->
  </suite> <!-- HomePageTest -->
</testng-results>
