<?xml version="1.0" encoding="UTF-8"?>
<testng-results skipped="0" failed="0" total="1" passed="1">
  <reporter-output>
  </reporter-output>
  <suite name="Default suite" duration-ms="3923" started-at="2016-08-26T06:18:16Z" finished-at="2016-08-26T06:18:19Z">
    <groups>
    </groups>
    <test name="Default test" duration-ms="3923" started-at="2016-08-26T06:18:16Z" finished-at="2016-08-26T06:18:19Z">
      <class name="ApiTest">
        <test-method status="PASS" signature="getEarthImagery()[pri:0, instance:ApiTest@396a51ab]" name="getEarthImagery" duration-ms="3913" started-at="2016-08-25T23:18:16Z" finished-at="2016-08-25T23:18:19Z">
          <reporter-output>
          </reporter-output>
        </test-method> <!-- getEarthImagery -->
      </class> <!-- ApiTest -->
    </test> <!-- Default test -->
  </suite> <!-- Default suite -->
</testng-results>
